<?xml version="1.0" encoding="UTF-8"?>
<testng-results skipped="0" failed="0" ignored="0" total="3" passed="3">
  <reporter-output>
    <line>
      <![CDATA[test1 executed]]>
    </line>
    <line>
      <![CDATA[test2 executed]]>
    </line>
    <line>
      <![CDATA[tc003 executed]]>
    </line>
  </reporter-output>
  <suite name="Default suite" duration-ms="177" started-at="2023-01-10T19:37:41 IST" finished-at="2023-01-10T19:37:42 IST">
    <groups>
    </groups>
    <test name="Default test" duration-ms="177" started-at="2023-01-10T19:37:41 IST" finished-at="2023-01-10T19:37:42 IST">
      <class name="testng.NewTest">
        <test-method status="PASS" signature="beforeMethod()[pri:0, instance:testng.NewTest@eb21112]" name="beforeMethod" is-config="true" duration-ms="14" started-at="2023-01-10T19:37:42 IST" finished-at="2023-01-10T19:37:42 IST">
          <reporter-output>
          </reporter-output>
        </test-method> <!-- beforeMethod -->
        <test-method status="PASS" signature="tc001()[pri:0, instance:testng.NewTest@eb21112]" name="tc001" duration-ms="13" started-at="2023-01-10T19:37:42 IST" finished-at="2023-01-10T19:37:42 IST">
          <reporter-output>
            <line>
              <![CDATA[test1 executed]]>
            </line>
          </reporter-output>
        </test-method> <!-- tc001 -->
        <test-method status="PASS" signature="afterMethod()[pri:0, instance:testng.NewTest@eb21112]" name="afterMethod" is-config="true" duration-ms="1" started-at="2023-01-10T19:37:42 IST" finished-at="2023-01-10T19:37:42 IST">
          <reporter-output>
          </reporter-output>
        </test-method> <!-- afterMethod -->
        <test-method status="PASS" signature="beforeMethod()[pri:0, instance:testng.NewTest@eb21112]" name="beforeMethod" is-config="true" duration-ms="1" started-at="2023-01-10T19:37:42 IST" finished-at="2023-01-10T19:37:42 IST">
          <reporter-output>
          </reporter-output>
        </test-method> <!-- beforeMethod -->
        <test-method status="PASS" signature="tc002()[pri:0, instance:testng.NewTest@eb21112]" name="tc002" duration-ms="5" started-at="2023-01-10T19:37:42 IST" finished-at="2023-01-10T19:37:42 IST">
          <reporter-output>
            <line>
              <![CDATA[test2 executed]]>
            </line>
          </reporter-output>
        </test-method> <!-- tc002 -->
        <test-method status="PASS" signature="afterMethod()[pri:0, instance:testng.NewTest@eb21112]" name="afterMethod" is-config="true" duration-ms="1" started-at="2023-01-10T19:37:42 IST" finished-at="2023-01-10T19:37:42 IST">
          <reporter-output>
          </reporter-output>
        </test-method> <!-- afterMethod -->
        <test-method status="PASS" signature="beforeMethod()[pri:0, instance:testng.NewTest@eb21112]" name="beforeMethod" is-config="true" duration-ms="1" started-at="2023-01-10T19:37:42 IST" finished-at="2023-01-10T19:37:42 IST">
          <reporter-output>
          </reporter-output>
        </test-method> <!-- beforeMethod -->
        <test-method status="PASS" signature="tc003()[pri:0, instance:testng.NewTest@eb21112]" name="tc003" duration-ms="5" started-at="2023-01-10T19:37:42 IST" finished-at="2023-01-10T19:37:42 IST">
          <reporter-output>
            <line>
              <![CDATA[tc003 executed]]>
            </line>
          </reporter-output>
        </test-method> <!-- tc003 -->
        <test-method status="PASS" signature="afterMethod()[pri:0, instance:testng.NewTest@eb21112]" name="afterMethod" is-config="true" duration-ms="1" started-at="2023-01-10T19:37:42 IST" finished-at="2023-01-10T19:37:42 IST">
          <reporter-output>
          </reporter-output>
        </test-method> <!-- afterMethod -->
      </class> <!-- testng.NewTest -->
    </test> <!-- Default test -->
  </suite> <!-- Default suite -->
</testng-results>
